[2025-11-17T20:52:09.050+0000] {taskinstance.py:1957} INFO - Dependencies all met for dep_context=non-requeueable deps ti=<TaskInstance: fraud_model_training.train_fraud_model manual__2025-11-17T20:47:04.471545+00:00 [queued]>
[2025-11-17T20:52:09.052+0000] {taskinstance.py:1957} INFO - Dependencies all met for dep_context=requeueable deps ti=<TaskInstance: fraud_model_training.train_fraud_model manual__2025-11-17T20:47:04.471545+00:00 [queued]>
[2025-11-17T20:52:09.052+0000] {taskinstance.py:2171} INFO - Starting attempt 2 of 2
[2025-11-17T20:52:09.057+0000] {taskinstance.py:2192} INFO - Executing <Task(SparkSubmitOperator): train_fraud_model> on 2025-11-17 20:47:04.471545+00:00
[2025-11-17T20:52:09.059+0000] {standard_task_runner.py:60} INFO - Started process 219 to run task
[2025-11-17T20:52:09.061+0000] {standard_task_runner.py:87} INFO - Running: ['airflow', 'tasks', 'run', 'fraud_model_training', 'train_fraud_model', 'manual__2025-11-17T20:47:04.471545+00:00', '--job-id', '3', '--raw', '--subdir', 'DAGS_FOLDER/fraud_training_dag.py', '--cfg-path', '/tmp/tmp3f3kybzk']
[2025-11-17T20:52:09.062+0000] {standard_task_runner.py:88} INFO - Job 3: Subtask train_fraud_model
[2025-11-17T20:52:09.078+0000] {task_command.py:423} INFO - Running <TaskInstance: fraud_model_training.train_fraud_model manual__2025-11-17T20:47:04.471545+00:00 [running]> on host 2493b6f3451d
[2025-11-17T20:52:09.100+0000] {taskinstance.py:2481} INFO - Exporting env vars: AIRFLOW_CTX_DAG_OWNER='patternalarm' AIRFLOW_CTX_DAG_ID='fraud_model_training' AIRFLOW_CTX_TASK_ID='train_fraud_model' AIRFLOW_CTX_EXECUTION_DATE='2025-11-17T20:47:04.471545+00:00' AIRFLOW_CTX_TRY_NUMBER='2' AIRFLOW_CTX_DAG_RUN_ID='manual__2025-11-17T20:47:04.471545+00:00'
[2025-11-17T20:52:09.102+0000] {base.py:83} INFO - Using connection ID 'spark_default' for task execution.
[2025-11-17T20:52:09.102+0000] {spark_submit.py:344} INFO - Spark-Submit cmd: spark-submit --master spark-master:7077 --name fraud-training --verbose --queue default --deploy-mode client /opt/airflow/scripts/train_fraud_model.py
[2025-11-17T20:52:09.739+0000] {spark_submit.py:495} INFO - Using properties file: null
[2025-11-17T20:52:09.786+0000] {spark_submit.py:495} INFO - Parsed arguments:
[2025-11-17T20:52:09.786+0000] {spark_submit.py:495} INFO - master                  spark-master:7077
[2025-11-17T20:52:09.786+0000] {spark_submit.py:495} INFO - deployMode              client
[2025-11-17T20:52:09.786+0000] {spark_submit.py:495} INFO - executorMemory          null
[2025-11-17T20:52:09.786+0000] {spark_submit.py:495} INFO - executorCores           null
[2025-11-17T20:52:09.787+0000] {spark_submit.py:495} INFO - totalExecutorCores      null
[2025-11-17T20:52:09.787+0000] {spark_submit.py:495} INFO - propertiesFile          null
[2025-11-17T20:52:09.787+0000] {spark_submit.py:495} INFO - driverMemory            null
[2025-11-17T20:52:09.787+0000] {spark_submit.py:495} INFO - driverCores             null
[2025-11-17T20:52:09.787+0000] {spark_submit.py:495} INFO - driverExtraClassPath    null
[2025-11-17T20:52:09.787+0000] {spark_submit.py:495} INFO - driverExtraLibraryPath  null
[2025-11-17T20:52:09.787+0000] {spark_submit.py:495} INFO - driverExtraJavaOptions  null
[2025-11-17T20:52:09.787+0000] {spark_submit.py:495} INFO - supervise               false
[2025-11-17T20:52:09.787+0000] {spark_submit.py:495} INFO - queue                   default
[2025-11-17T20:52:09.787+0000] {spark_submit.py:495} INFO - numExecutors            null
[2025-11-17T20:52:09.787+0000] {spark_submit.py:495} INFO - files                   null
[2025-11-17T20:52:09.787+0000] {spark_submit.py:495} INFO - pyFiles                 null
[2025-11-17T20:52:09.787+0000] {spark_submit.py:495} INFO - archives                null
[2025-11-17T20:52:09.787+0000] {spark_submit.py:495} INFO - mainClass               null
[2025-11-17T20:52:09.787+0000] {spark_submit.py:495} INFO - primaryResource         file:/opt/airflow/scripts/train_fraud_model.py
[2025-11-17T20:52:09.787+0000] {spark_submit.py:495} INFO - name                    fraud-training
[2025-11-17T20:52:09.787+0000] {spark_submit.py:495} INFO - childArgs               []
[2025-11-17T20:52:09.787+0000] {spark_submit.py:495} INFO - jars                    null
[2025-11-17T20:52:09.788+0000] {spark_submit.py:495} INFO - packages                null
[2025-11-17T20:52:09.788+0000] {spark_submit.py:495} INFO - packagesExclusions      null
[2025-11-17T20:52:09.788+0000] {spark_submit.py:495} INFO - repositories            null
[2025-11-17T20:52:09.788+0000] {spark_submit.py:495} INFO - verbose                 true
[2025-11-17T20:52:09.788+0000] {spark_submit.py:495} INFO - 
[2025-11-17T20:52:09.788+0000] {spark_submit.py:495} INFO - Spark properties used, including those specified through
[2025-11-17T20:52:09.788+0000] {spark_submit.py:495} INFO - --conf and those from the properties file null:
[2025-11-17T20:52:09.788+0000] {spark_submit.py:495} INFO - 
[2025-11-17T20:52:09.788+0000] {spark_submit.py:495} INFO - 
[2025-11-17T20:52:09.788+0000] {spark_submit.py:495} INFO - 
[2025-11-17T20:52:09.943+0000] {spark_submit.py:495} INFO - Main class:
[2025-11-17T20:52:09.944+0000] {spark_submit.py:495} INFO - org.apache.spark.deploy.PythonRunner
[2025-11-17T20:52:09.944+0000] {spark_submit.py:495} INFO - Arguments:
[2025-11-17T20:52:09.944+0000] {spark_submit.py:495} INFO - file:/opt/airflow/scripts/train_fraud_model.py
[2025-11-17T20:52:09.944+0000] {spark_submit.py:495} INFO - null
[2025-11-17T20:52:09.945+0000] {spark_submit.py:495} INFO - Spark config:
[2025-11-17T20:52:09.945+0000] {spark_submit.py:495} INFO - (spark.app.name,fraud-training)
[2025-11-17T20:52:09.945+0000] {spark_submit.py:495} INFO - (spark.app.submitTime,1763412729937)
[2025-11-17T20:52:09.946+0000] {spark_submit.py:495} INFO - (spark.master,spark-master:7077)
[2025-11-17T20:52:09.946+0000] {spark_submit.py:495} INFO - (spark.submit.deployMode,client)
[2025-11-17T20:52:09.946+0000] {spark_submit.py:495} INFO - (spark.submit.pyFiles,)
[2025-11-17T20:52:09.946+0000] {spark_submit.py:495} INFO - Classpath elements:
[2025-11-17T20:52:09.946+0000] {spark_submit.py:495} INFO - 
[2025-11-17T20:52:09.946+0000] {spark_submit.py:495} INFO - 
[2025-11-17T20:52:09.946+0000] {spark_submit.py:495} INFO - 
[2025-11-17T20:52:09.983+0000] {spark_submit.py:495} INFO - python3: can't open file '/opt/airflow/scripts/train_fraud_model.py': [Errno 2] No such file or directory
[2025-11-17T20:52:09.989+0000] {spark_submit.py:495} INFO - 25/11/17 20:52:09 INFO ShutdownHookManager: Shutdown hook called
[2025-11-17T20:52:09.991+0000] {spark_submit.py:495} INFO - 25/11/17 20:52:09 INFO ShutdownHookManager: Deleting directory /tmp/spark-653d9b4e-cc6a-499a-9f01-38bb6b6dff4f
[2025-11-17T20:52:10.007+0000] {taskinstance.py:2699} ERROR - Task failed with exception
Traceback (most recent call last):
  File "/home/airflow/.local/lib/python3.11/site-packages/airflow/models/taskinstance.py", line 433, in _execute_task
    result = execute_callable(context=context, **execute_callable_kwargs)
             ^^^^^^^^^^^^^^^^^^^^^^^^^^^^^^^^^^^^^^^^^^^^^^^^^^^^^^^^^^^^
  File "/home/airflow/.local/lib/python3.11/site-packages/airflow/providers/apache/spark/operators/spark_submit.py", line 157, in execute
    self._hook.submit(self._application)
  File "/home/airflow/.local/lib/python3.11/site-packages/airflow/providers/apache/spark/hooks/spark_submit.py", line 426, in submit
    raise AirflowException(
airflow.exceptions.AirflowException: Cannot execute: spark-submit --master spark-master:7077 --name fraud-training --verbose --queue default --deploy-mode client /opt/airflow/scripts/train_fraud_model.py. Error code is: 2.
[2025-11-17T20:52:10.008+0000] {taskinstance.py:1138} INFO - Marking task as FAILED. dag_id=fraud_model_training, task_id=train_fraud_model, execution_date=20251117T204704, start_date=20251117T205209, end_date=20251117T205210
[2025-11-17T20:52:10.013+0000] {standard_task_runner.py:107} ERROR - Failed to execute job 3 for task train_fraud_model (Cannot execute: spark-submit --master spark-master:7077 --name fraud-training --verbose --queue default --deploy-mode client /opt/airflow/scripts/train_fraud_model.py. Error code is: 2.; 219)
[2025-11-17T20:52:10.031+0000] {local_task_job_runner.py:234} INFO - Task exited with return code 1
[2025-11-17T20:52:10.039+0000] {taskinstance.py:3281} INFO - 0 downstream tasks scheduled from follow-on schedule check
