[2025-11-17T21:13:02.707+0000] {taskinstance.py:1957} INFO - Dependencies all met for dep_context=non-requeueable deps ti=<TaskInstance: fraud_model_training.extract_features scheduled__2025-11-16T02:00:00+00:00 [queued]>
[2025-11-17T21:13:02.709+0000] {taskinstance.py:1957} INFO - Dependencies all met for dep_context=requeueable deps ti=<TaskInstance: fraud_model_training.extract_features scheduled__2025-11-16T02:00:00+00:00 [queued]>
[2025-11-17T21:13:02.710+0000] {taskinstance.py:2171} INFO - Starting attempt 1 of 2
[2025-11-17T21:13:02.716+0000] {taskinstance.py:2192} INFO - Executing <Task(SparkSubmitOperator): extract_features> on 2025-11-16 02:00:00+00:00
[2025-11-17T21:13:02.719+0000] {standard_task_runner.py:60} INFO - Started process 372 to run task
[2025-11-17T21:13:02.721+0000] {standard_task_runner.py:87} INFO - Running: ['airflow', 'tasks', 'run', 'fraud_model_training', 'extract_features', 'scheduled__2025-11-16T02:00:00+00:00', '--job-id', '4', '--raw', '--subdir', 'DAGS_FOLDER/fraud_training_dag.py', '--cfg-path', '/tmp/tmpw8fls7uv']
[2025-11-17T21:13:02.723+0000] {standard_task_runner.py:88} INFO - Job 4: Subtask extract_features
[2025-11-17T21:13:02.745+0000] {task_command.py:423} INFO - Running <TaskInstance: fraud_model_training.extract_features scheduled__2025-11-16T02:00:00+00:00 [running]> on host 2493b6f3451d
[2025-11-17T21:13:02.780+0000] {taskinstance.py:2481} INFO - Exporting env vars: AIRFLOW_CTX_DAG_OWNER='patternalarm' AIRFLOW_CTX_DAG_ID='fraud_model_training' AIRFLOW_CTX_TASK_ID='extract_features' AIRFLOW_CTX_EXECUTION_DATE='2025-11-16T02:00:00+00:00' AIRFLOW_CTX_TRY_NUMBER='1' AIRFLOW_CTX_DAG_RUN_ID='scheduled__2025-11-16T02:00:00+00:00'
[2025-11-17T21:13:02.783+0000] {base.py:83} INFO - Using connection ID 'spark_default' for task execution.
[2025-11-17T21:13:02.784+0000] {spark_submit.py:344} INFO - Spark-Submit cmd: spark-submit --master spark-master:7077 --name fraud-extract-features --verbose --queue default --deploy-mode client /opt/airflow/jobs/extract_features.py --input-path /opt/spark-data/transactions --output-path /opt/spark-data/features
[2025-11-17T21:13:03.431+0000] {spark_submit.py:495} INFO - Using properties file: null
[2025-11-17T21:13:03.480+0000] {spark_submit.py:495} INFO - Parsed arguments:
[2025-11-17T21:13:03.481+0000] {spark_submit.py:495} INFO - master                  spark-master:7077
[2025-11-17T21:13:03.481+0000] {spark_submit.py:495} INFO - deployMode              client
[2025-11-17T21:13:03.481+0000] {spark_submit.py:495} INFO - executorMemory          null
[2025-11-17T21:13:03.481+0000] {spark_submit.py:495} INFO - executorCores           null
[2025-11-17T21:13:03.481+0000] {spark_submit.py:495} INFO - totalExecutorCores      null
[2025-11-17T21:13:03.481+0000] {spark_submit.py:495} INFO - propertiesFile          null
[2025-11-17T21:13:03.481+0000] {spark_submit.py:495} INFO - driverMemory            null
[2025-11-17T21:13:03.481+0000] {spark_submit.py:495} INFO - driverCores             null
[2025-11-17T21:13:03.481+0000] {spark_submit.py:495} INFO - driverExtraClassPath    null
[2025-11-17T21:13:03.481+0000] {spark_submit.py:495} INFO - driverExtraLibraryPath  null
[2025-11-17T21:13:03.481+0000] {spark_submit.py:495} INFO - driverExtraJavaOptions  null
[2025-11-17T21:13:03.482+0000] {spark_submit.py:495} INFO - supervise               false
[2025-11-17T21:13:03.482+0000] {spark_submit.py:495} INFO - queue                   default
[2025-11-17T21:13:03.482+0000] {spark_submit.py:495} INFO - numExecutors            null
[2025-11-17T21:13:03.482+0000] {spark_submit.py:495} INFO - files                   null
[2025-11-17T21:13:03.482+0000] {spark_submit.py:495} INFO - pyFiles                 null
[2025-11-17T21:13:03.482+0000] {spark_submit.py:495} INFO - archives                null
[2025-11-17T21:13:03.482+0000] {spark_submit.py:495} INFO - mainClass               null
[2025-11-17T21:13:03.482+0000] {spark_submit.py:495} INFO - primaryResource         file:/opt/airflow/jobs/extract_features.py
[2025-11-17T21:13:03.482+0000] {spark_submit.py:495} INFO - name                    fraud-extract-features
[2025-11-17T21:13:03.482+0000] {spark_submit.py:495} INFO - childArgs               [--input-path /opt/spark-data/transactions --output-path /opt/spark-data/features]
[2025-11-17T21:13:03.482+0000] {spark_submit.py:495} INFO - jars                    null
[2025-11-17T21:13:03.482+0000] {spark_submit.py:495} INFO - packages                null
[2025-11-17T21:13:03.482+0000] {spark_submit.py:495} INFO - packagesExclusions      null
[2025-11-17T21:13:03.482+0000] {spark_submit.py:495} INFO - repositories            null
[2025-11-17T21:13:03.482+0000] {spark_submit.py:495} INFO - verbose                 true
[2025-11-17T21:13:03.482+0000] {spark_submit.py:495} INFO - 
[2025-11-17T21:13:03.482+0000] {spark_submit.py:495} INFO - Spark properties used, including those specified through
[2025-11-17T21:13:03.482+0000] {spark_submit.py:495} INFO - --conf and those from the properties file null:
[2025-11-17T21:13:03.483+0000] {spark_submit.py:495} INFO - 
[2025-11-17T21:13:03.483+0000] {spark_submit.py:495} INFO - 
[2025-11-17T21:13:03.483+0000] {spark_submit.py:495} INFO - 
[2025-11-17T21:13:03.634+0000] {spark_submit.py:495} INFO - Main class:
[2025-11-17T21:13:03.635+0000] {spark_submit.py:495} INFO - org.apache.spark.deploy.PythonRunner
[2025-11-17T21:13:03.635+0000] {spark_submit.py:495} INFO - Arguments:
[2025-11-17T21:13:03.635+0000] {spark_submit.py:495} INFO - file:/opt/airflow/jobs/extract_features.py
[2025-11-17T21:13:03.635+0000] {spark_submit.py:495} INFO - null
[2025-11-17T21:13:03.635+0000] {spark_submit.py:495} INFO - --input-path
[2025-11-17T21:13:03.635+0000] {spark_submit.py:495} INFO - /opt/spark-data/transactions
[2025-11-17T21:13:03.635+0000] {spark_submit.py:495} INFO - --output-path
[2025-11-17T21:13:03.635+0000] {spark_submit.py:495} INFO - /opt/spark-data/features
[2025-11-17T21:13:03.637+0000] {spark_submit.py:495} INFO - Spark config:
[2025-11-17T21:13:03.637+0000] {spark_submit.py:495} INFO - (spark.app.name,fraud-extract-features)
[2025-11-17T21:13:03.637+0000] {spark_submit.py:495} INFO - (spark.app.submitTime,1763413983627)
[2025-11-17T21:13:03.637+0000] {spark_submit.py:495} INFO - (spark.master,spark-master:7077)
[2025-11-17T21:13:03.637+0000] {spark_submit.py:495} INFO - (spark.submit.deployMode,client)
[2025-11-17T21:13:03.637+0000] {spark_submit.py:495} INFO - (spark.submit.pyFiles,)
[2025-11-17T21:13:03.637+0000] {spark_submit.py:495} INFO - Classpath elements:
[2025-11-17T21:13:03.637+0000] {spark_submit.py:495} INFO - 
[2025-11-17T21:13:03.637+0000] {spark_submit.py:495} INFO - 
[2025-11-17T21:13:03.637+0000] {spark_submit.py:495} INFO - 
[2025-11-17T21:13:03.679+0000] {spark_submit.py:495} INFO - python3: can't open file '/opt/airflow/jobs/extract_features.py': [Errno 2] No such file or directory
[2025-11-17T21:13:03.685+0000] {spark_submit.py:495} INFO - 25/11/17 21:13:03 INFO ShutdownHookManager: Shutdown hook called
[2025-11-17T21:13:03.686+0000] {spark_submit.py:495} INFO - 25/11/17 21:13:03 INFO ShutdownHookManager: Deleting directory /tmp/spark-b01232dd-9e2c-48ce-9aa4-674c3b224825
[2025-11-17T21:13:03.701+0000] {taskinstance.py:2699} ERROR - Task failed with exception
Traceback (most recent call last):
  File "/home/airflow/.local/lib/python3.11/site-packages/airflow/models/taskinstance.py", line 433, in _execute_task
    result = execute_callable(context=context, **execute_callable_kwargs)
             ^^^^^^^^^^^^^^^^^^^^^^^^^^^^^^^^^^^^^^^^^^^^^^^^^^^^^^^^^^^^
  File "/home/airflow/.local/lib/python3.11/site-packages/airflow/providers/apache/spark/operators/spark_submit.py", line 157, in execute
    self._hook.submit(self._application)
  File "/home/airflow/.local/lib/python3.11/site-packages/airflow/providers/apache/spark/hooks/spark_submit.py", line 426, in submit
    raise AirflowException(
airflow.exceptions.AirflowException: Cannot execute: spark-submit --master spark-master:7077 --name fraud-extract-features --verbose --queue default --deploy-mode client /opt/airflow/jobs/extract_features.py --input-path /opt/spark-data/transactions --output-path /opt/spark-data/features. Error code is: 2.
[2025-11-17T21:13:03.703+0000] {taskinstance.py:1138} INFO - Marking task as UP_FOR_RETRY. dag_id=fraud_model_training, task_id=extract_features, execution_date=20251116T020000, start_date=20251117T211302, end_date=20251117T211303
[2025-11-17T21:13:03.708+0000] {standard_task_runner.py:107} ERROR - Failed to execute job 4 for task extract_features (Cannot execute: spark-submit --master spark-master:7077 --name fraud-extract-features --verbose --queue default --deploy-mode client /opt/airflow/jobs/extract_features.py --input-path /opt/spark-data/transactions --output-path /opt/spark-data/features. Error code is: 2.; 372)
[2025-11-17T21:13:03.730+0000] {local_task_job_runner.py:234} INFO - Task exited with return code 1
[2025-11-17T21:13:03.738+0000] {taskinstance.py:3281} INFO - 0 downstream tasks scheduled from follow-on schedule check
