[2025-11-13T02:40:28.628+0000] {taskinstance.py:1957} INFO - Dependencies all met for dep_context=non-requeueable deps ti=<TaskInstance: fraud_model_training.train_fraud_model manual__2025-11-13T02:35:24.214062+00:00 [queued]>
[2025-11-13T02:40:28.630+0000] {taskinstance.py:1957} INFO - Dependencies all met for dep_context=requeueable deps ti=<TaskInstance: fraud_model_training.train_fraud_model manual__2025-11-13T02:35:24.214062+00:00 [queued]>
[2025-11-13T02:40:28.630+0000] {taskinstance.py:2171} INFO - Starting attempt 2 of 2
[2025-11-13T02:40:28.637+0000] {taskinstance.py:2192} INFO - Executing <Task(SparkSubmitOperator): train_fraud_model> on 2025-11-13 02:35:24.214062+00:00
[2025-11-13T02:40:28.639+0000] {standard_task_runner.py:60} INFO - Started process 102 to run task
[2025-11-13T02:40:28.640+0000] {standard_task_runner.py:87} INFO - Running: ['airflow', 'tasks', 'run', 'fraud_model_training', 'train_fraud_model', 'manual__2025-11-13T02:35:24.214062+00:00', '--job-id', '3', '--raw', '--subdir', 'DAGS_FOLDER/fraud_training_dag.py', '--cfg-path', '/tmp/tmpn6srxq8u']
[2025-11-13T02:40:28.642+0000] {standard_task_runner.py:88} INFO - Job 3: Subtask train_fraud_model
[2025-11-13T02:40:28.658+0000] {task_command.py:423} INFO - Running <TaskInstance: fraud_model_training.train_fraud_model manual__2025-11-13T02:35:24.214062+00:00 [running]> on host 9a567041a7f2
[2025-11-13T02:40:28.683+0000] {taskinstance.py:2481} INFO - Exporting env vars: AIRFLOW_CTX_DAG_OWNER='patternalarm' AIRFLOW_CTX_DAG_ID='fraud_model_training' AIRFLOW_CTX_TASK_ID='train_fraud_model' AIRFLOW_CTX_EXECUTION_DATE='2025-11-13T02:35:24.214062+00:00' AIRFLOW_CTX_TRY_NUMBER='2' AIRFLOW_CTX_DAG_RUN_ID='manual__2025-11-13T02:35:24.214062+00:00'
[2025-11-13T02:40:28.684+0000] {spark_submit.py:222} INFO - Could not load connection string spark_default, defaulting to yarn
[2025-11-13T02:40:28.685+0000] {spark_submit.py:344} INFO - Spark-Submit cmd: spark-submit --master yarn --conf spark.master=spark://spark-master:7077 --conf spark.executor.memory=2g --conf spark.driver.memory=1g --name arrow-spark --verbose /opt/airflow/scripts/train_fraud_model.py
[2025-11-13T02:40:28.703+0000] {spark_submit.py:495} INFO - /home/airflow/.local/lib/python3.11/site-packages/pyspark/bin/load-spark-env.sh: line 68: ps: command not found
[2025-11-13T02:40:28.703+0000] {spark_submit.py:495} INFO - JAVA_HOME is not set
[2025-11-13T02:40:28.706+0000] {taskinstance.py:2699} ERROR - Task failed with exception
Traceback (most recent call last):
  File "/home/airflow/.local/lib/python3.11/site-packages/airflow/models/taskinstance.py", line 433, in _execute_task
    result = execute_callable(context=context, **execute_callable_kwargs)
             ^^^^^^^^^^^^^^^^^^^^^^^^^^^^^^^^^^^^^^^^^^^^^^^^^^^^^^^^^^^^
  File "/home/airflow/.local/lib/python3.11/site-packages/airflow/providers/apache/spark/operators/spark_submit.py", line 157, in execute
    self._hook.submit(self._application)
  File "/home/airflow/.local/lib/python3.11/site-packages/airflow/providers/apache/spark/hooks/spark_submit.py", line 426, in submit
    raise AirflowException(
airflow.exceptions.AirflowException: Cannot execute: spark-submit --master yarn --conf spark.master=spark://spark-master:7077 --conf spark.executor.memory=2g --conf spark.driver.memory=1g --name arrow-spark --verbose /opt/airflow/scripts/train_fraud_model.py. Error code is: 1.
[2025-11-13T02:40:28.708+0000] {taskinstance.py:1138} INFO - Marking task as FAILED. dag_id=fraud_model_training, task_id=train_fraud_model, execution_date=20251113T023524, start_date=20251113T024028, end_date=20251113T024028
[2025-11-13T02:40:28.712+0000] {standard_task_runner.py:107} ERROR - Failed to execute job 3 for task train_fraud_model (Cannot execute: spark-submit --master yarn --conf spark.master=spark://spark-master:7077 --conf spark.executor.memory=2g --conf spark.driver.memory=1g --name arrow-spark --verbose /opt/airflow/scripts/train_fraud_model.py. Error code is: 1.; 102)
[2025-11-13T02:40:28.737+0000] {local_task_job_runner.py:234} INFO - Task exited with return code 1
[2025-11-13T02:40:28.745+0000] {taskinstance.py:3281} INFO - 0 downstream tasks scheduled from follow-on schedule check
